This is pdfTeX, Version 3.1415926-2.5-1.40.14 (TeX Live 2013/Debian) (format=pdflatex 2015.9.3)  22 SEP 2015 22:58
entering extended mode
 restricted \write18 enabled.
 %&-line parsing enabled.
**chromaKey.tex
(./chromaKey.tex
LaTeX2e <2011/06/27>
Babel <3.9h> and hyphenation patterns for 78 languages loaded.
(/usr/share/texlive/texmf-dist/tex/latex/base/article.cls
Document Class: article 2007/10/19 v1.4h Standard LaTeX document class
(/usr/share/texlive/texmf-dist/tex/latex/base/size10.clo
File: size10.clo 2007/10/19 v1.4h Standard LaTeX file (size option)
)
\c@part=\count79
\c@section=\count80
\c@subsection=\count81
\c@subsubsection=\count82
\c@paragraph=\count83
\c@subparagraph=\count84
\c@figure=\count85
\c@table=\count86
\abovecaptionskip=\skip41
\belowcaptionskip=\skip42
\bibindent=\dimen102
)
(/usr/share/texlive/texmf-dist/tex/latex/graphics/graphicx.sty
Package: graphicx 1999/02/16 v1.0f Enhanced LaTeX Graphics (DPC,SPQR)

(/usr/share/texlive/texmf-dist/tex/latex/graphics/keyval.sty
Package: keyval 1999/03/16 v1.13 key=value parser (DPC)
\KV@toks@=\toks14
)
(/usr/share/texlive/texmf-dist/tex/latex/graphics/graphics.sty
Package: graphics 2009/02/05 v1.0o Standard LaTeX Graphics (DPC,SPQR)

(/usr/share/texlive/texmf-dist/tex/latex/graphics/trig.sty
Package: trig 1999/03/16 v1.09 sin cos tan (DPC)
)
(/usr/share/texlive/texmf-dist/tex/latex/latexconfig/graphics.cfg
File: graphics.cfg 2010/04/23 v1.9 graphics configuration of TeX Live
)
Package graphics Info: Driver file: pdftex.def on input line 91.

(/usr/share/texlive/texmf-dist/tex/latex/pdftex-def/pdftex.def
File: pdftex.def 2011/05/27 v0.06d Graphics/color for pdfTeX

(/usr/share/texlive/texmf-dist/tex/generic/oberdiek/infwarerr.sty
Package: infwarerr 2010/04/08 v1.3 Providing info/warning/error messages (HO)
)
(/usr/share/texlive/texmf-dist/tex/generic/oberdiek/ltxcmds.sty
Package: ltxcmds 2011/11/09 v1.22 LaTeX kernel commands for general use (HO)
)
\Gread@gobject=\count87
))
\Gin@req@height=\dimen103
\Gin@req@width=\dimen104
)
(/usr/share/texlive/texmf-dist/tex/latex/graphics/color.sty
Package: color 2005/11/14 v1.0j Standard LaTeX Color (DPC)

(/usr/share/texlive/texmf-dist/tex/latex/latexconfig/color.cfg
File: color.cfg 2007/01/18 v1.5 color configuration of teTeX/TeXLive
)
Package color Info: Driver file: pdftex.def on input line 130.
)
No file chromaKey.aux.
\openout1 = `chromaKey.aux'.

LaTeX Font Info:    Checking defaults for OML/cmm/m/it on input line 13.
LaTeX Font Info:    ... okay on input line 13.
LaTeX Font Info:    Checking defaults for T1/cmr/m/n on input line 13.
LaTeX Font Info:    ... okay on input line 13.
LaTeX Font Info:    Checking defaults for OT1/cmr/m/n on input line 13.
LaTeX Font Info:    ... okay on input line 13.
LaTeX Font Info:    Checking defaults for OMS/cmsy/m/n on input line 13.
LaTeX Font Info:    ... okay on input line 13.
LaTeX Font Info:    Checking defaults for OMX/cmex/m/n on input line 13.
LaTeX Font Info:    ... okay on input line 13.
LaTeX Font Info:    Checking defaults for U/cmr/m/n on input line 13.
LaTeX Font Info:    ... okay on input line 13.
(/usr/share/texlive/texmf-dist/tex/context/base/supp-pdf.mkii
[Loading MPS to PDF converter (version 2006.09.02).]
\scratchcounter=\count88
\scratchdimen=\dimen105
\scratchbox=\box26
\nofMPsegments=\count89
\nofMParguments=\count90
\everyMPshowfont=\toks15
\MPscratchCnt=\count91
\MPscratchDim=\dimen106
\MPnumerator=\count92
\makeMPintoPDFobject=\count93
\everyMPtoPDFconversion=\toks16
) (/usr/share/texlive/texmf-dist/tex/generic/oberdiek/pdftexcmds.sty
Package: pdftexcmds 2011/11/29 v0.20 Utility functions of pdfTeX for LuaTeX (HO
)

(/usr/share/texlive/texmf-dist/tex/generic/oberdiek/ifluatex.sty
Package: ifluatex 2010/03/01 v1.3 Provides the ifluatex switch (HO)
Package ifluatex Info: LuaTeX not detected.
)
(/usr/share/texlive/texmf-dist/tex/generic/oberdiek/ifpdf.sty
Package: ifpdf 2011/01/30 v2.3 Provides the ifpdf switch (HO)
Package ifpdf Info: pdfTeX in PDF mode is detected.
)
Package pdftexcmds Info: LuaTeX not detected.
Package pdftexcmds Info: \pdf@primitive is available.
Package pdftexcmds Info: \pdf@ifprimitive is available.
Package pdftexcmds Info: \pdfdraftmode found.
)
(/usr/share/texlive/texmf-dist/tex/latex/oberdiek/epstopdf-base.sty
Package: epstopdf-base 2010/02/09 v2.5 Base part for package epstopdf

(/usr/share/texlive/texmf-dist/tex/latex/oberdiek/grfext.sty
Package: grfext 2010/08/19 v1.1 Manage graphics extensions (HO)

(/usr/share/texlive/texmf-dist/tex/generic/oberdiek/kvdefinekeys.sty
Package: kvdefinekeys 2011/04/07 v1.3 Define keys (HO)
))
(/usr/share/texlive/texmf-dist/tex/latex/oberdiek/kvoptions.sty
Package: kvoptions 2011/06/30 v3.11 Key value format for package options (HO)

(/usr/share/texlive/texmf-dist/tex/generic/oberdiek/kvsetkeys.sty
Package: kvsetkeys 2012/04/25 v1.16 Key value parser (HO)

(/usr/share/texlive/texmf-dist/tex/generic/oberdiek/etexcmds.sty
Package: etexcmds 2011/02/16 v1.5 Avoid name clashes with e-TeX commands (HO)
Package etexcmds Info: Could not find \expanded.
(etexcmds)             That can mean that you are not using pdfTeX 1.50 or
(etexcmds)             that some package has redefined \expanded.
(etexcmds)             In the latter case, load this package earlier.
)))
Package grfext Info: Graphics extension search list:
(grfext)             [.png,.pdf,.jpg,.mps,.jpeg,.jbig2,.jb2,.PNG,.PDF,.JPG,.JPE
G,.JBIG2,.JB2,.eps]
(grfext)             \AppendGraphicsExtensions on input line 452.

(/usr/share/texlive/texmf-dist/tex/latex/latexconfig/epstopdf-sys.cfg
File: epstopdf-sys.cfg 2010/07/13 v1.3 Configuration of (r)epstopdf for TeX Liv
e
))
LaTeX Font Info:    Try loading font information for OMS+cmr on input line 21.

(/usr/share/texlive/texmf-dist/tex/latex/base/omscmr.fd
File: omscmr.fd 1999/05/25 v2.5h Standard LaTeX font definitions
)
LaTeX Font Info:    Font shape `OMS/cmr/m/n' in size <10> not available
(Font)              Font shape `OMS/cmsy/m/n' tried instead on input line 21.
Package epstopdf Info: Source file: <chromaKey_01.eps>
(epstopdf)                    date: 2015-09-22 22:56:42
(epstopdf)                    size: 27289948 bytes
(epstopdf)             Output file: <chromaKey_01-eps-converted-to.pdf>
(epstopdf)             Command: <repstopdf --outfile=chromaKey_01-eps-converted
-to.pdf chromaKey_01.eps>
(epstopdf)             \includegraphics on input line 46.
runsystem(repstopdf --outfile=chromaKey_01-eps-converted-to.pdf chromaKey_01.ep
s)...executed safely (allowed).

Package epstopdf Info: Result file: <chromaKey_01-eps-converted-to.pdf>
(epstopdf)                    date: 2015-09-22 22:58:21
(epstopdf)                    size: 444945 bytes.

<chromaKey_01-eps-converted-to.pdf, id=1, 242.9075pt x 344.28625pt>
File: chromaKey_01-eps-converted-to.pdf Graphic file (type pdf)

<use chromaKey_01-eps-converted-to.pdf>
Package pdftex.def Info: chromaKey_01-eps-converted-to.pdf used on input line 4
6.
(pdftex.def)             Requested size: 289.07999pt x 409.72673pt.
Package epstopdf Info: Source file: <chromaKey_02.eps>
(epstopdf)                    date: 2015-09-22 22:56:42
(epstopdf)                    size: 1456191 bytes
(epstopdf)             Output file: <chromaKey_02-eps-converted-to.pdf>
(epstopdf)             Command: <repstopdf --outfile=chromaKey_02-eps-converted
-to.pdf chromaKey_02.eps>
(epstopdf)             \includegraphics on input line 48.
runsystem(repstopdf --outfile=chromaKey_02-eps-converted-to.pdf chromaKey_02.ep
s)...executed safely (allowed).

Package epstopdf Info: Result file: <chromaKey_02-eps-converted-to.pdf>
(epstopdf)                    date: 2015-09-22 22:58:22
(epstopdf)                    size: 140787 bytes.

<chromaKey_02-eps-converted-to.pdf, id=2, 501.875pt x 315.1775pt> [1

{/var/lib/texmf/fonts/map/pdftex/updmap/pdftex.map}]
File: chromaKey_02-eps-converted-to.pdf Graphic file (type pdf)

<use chromaKey_02-eps-converted-to.pdf>
Package pdftex.def Info: chromaKey_02-eps-converted-to.pdf used on input line 4
8.
(pdftex.def)             Requested size: 289.07999pt x 181.55267pt.
 [2 <./chromaKey_01-eps-converted-to.pdf>]
Overfull \hbox (263.99469pt too wide) in paragraph at lines 67--67
[]        \OT1/cmtt/m/n/10 if(i(p,q,1) > 100 && i(p,q,2) > 100 && i(p,q,3) > 10
0 && i(p,q,1) < 200 && i(p,q,2) < 200 && i(p,q,3) < 200)[] 
 []

Package epstopdf Info: Source file: <chromaKey_03.eps>
(epstopdf)                    date: 2015-09-22 22:57:33
(epstopdf)                    size: 27289948 bytes
(epstopdf)             Output file: <chromaKey_03-eps-converted-to.pdf>
(epstopdf)             Command: <repstopdf --outfile=chromaKey_03-eps-converted
-to.pdf chromaKey_03.eps>
(epstopdf)             \includegraphics on input line 72.
runsystem(repstopdf --outfile=chromaKey_03-eps-converted-to.pdf chromaKey_03.ep
s)...executed safely (allowed).

Package epstopdf Info: Result file: <chromaKey_03-eps-converted-to.pdf>
(epstopdf)                    date: 2015-09-22 22:58:31
(epstopdf)                    size: 465914 bytes.
<chromaKey_03-eps-converted-to.pdf, id=18, 242.9075pt x 344.28625pt>
File: chromaKey_03-eps-converted-to.pdf Graphic file (type pdf)

<use chromaKey_03-eps-converted-to.pdf>
Package pdftex.def Info: chromaKey_03-eps-converted-to.pdf used on input line 7
2.
(pdftex.def)             Requested size: 289.07999pt x 409.72673pt.
 [3 <./chromaKey_02-eps-converted-to.pdf>] [4 <./chromaKey_03-eps-converted-to.
pdf>]
Overfull \hbox (279.74455pt too wide) in paragraph at lines 98--98
[]        \OT1/cmtt/m/n/10 if(~(i(p,q,1) > 110 && i(p,q,2) > 110 && i(p,q,3) > 
110 && i(p,q,1) < 200 && i(p,q,2) < 200 && i(p,q,3) < 200))[] 
 []

Package epstopdf Info: Source file: <chromaKey_04.eps>
(epstopdf)                    date: 2015-09-22 22:57:35
(epstopdf)                    size: 1456191 bytes
(epstopdf)             Output file: <chromaKey_04-eps-converted-to.pdf>
(epstopdf)             Command: <repstopdf --outfile=chromaKey_04-eps-converted
-to.pdf chromaKey_04.eps>
(epstopdf)             \includegraphics on input line 100.
runsystem(repstopdf --outfile=chromaKey_04-eps-converted-to.pdf chromaKey_04.ep
s)...executed safely (allowed).

Package epstopdf Info: Result file: <chromaKey_04-eps-converted-to.pdf>
(epstopdf)                    date: 2015-09-22 22:58:32
(epstopdf)                    size: 131245 bytes.
<chromaKey_04-eps-converted-to.pdf, id=31, 501.875pt x 315.1775pt>
File: chromaKey_04-eps-converted-to.pdf Graphic file (type pdf)

<use chromaKey_04-eps-converted-to.pdf>
Package pdftex.def Info: chromaKey_04-eps-converted-to.pdf used on input line 1
00.
(pdftex.def)             Requested size: 289.07999pt x 181.55267pt.
 [5 <./chromaKey_04-eps-converted-to.pdf>] (./chromaKey.aux) ) 
Here is how much of TeX's memory you used:
 1543 strings out of 493304
 22559 string characters out of 6139872
 79301 words of memory out of 5000000
 5010 multiletter control sequences out of 15000+600000
 4413 words of font info for 17 fonts, out of 8000000 for 9000
 957 hyphenation exceptions out of 8191
 38i,6n,23p,239b,247s stack positions out of 5000i,500n,10000p,200000b,80000s
</usr/share/texli
ve/texmf-dist/fonts/type1/public/amsfonts/cm/cmbx12.pfb></usr/share/texlive/tex
mf-dist/fonts/type1/public/amsfonts/cm/cmr10.pfb></usr/share/texlive/texmf-dist
/fonts/type1/public/amsfonts/cm/cmsy10.pfb></usr/share/texlive/texmf-dist/fonts
/type1/public/amsfonts/cm/cmtt10.pfb>
Output written on chromaKey.pdf (5 pages, 1224127 bytes).
PDF statistics:
 52 PDF objects out of 1000 (max. 8388607)
 32 compressed objects within 1 object stream
 0 named destinations out of 1000 (max. 500000)
 21 words of extra memory for PDF output out of 10000 (max. 10000000)

