This is pdfTeX, Version 3.1415926-2.5-1.40.14 (TeX Live 2013/Debian) (format=pdflatex 2015.9.3)  23 SEP 2015 15:26
entering extended mode
 restricted \write18 enabled.
 %&-line parsing enabled.
**circles2.tex
(./circles2.tex
LaTeX2e <2011/06/27>
Babel <3.9h> and hyphenation patterns for 78 languages loaded.
(/usr/share/texlive/texmf-dist/tex/latex/base/article.cls
Document Class: article 2007/10/19 v1.4h Standard LaTeX document class
(/usr/share/texlive/texmf-dist/tex/latex/base/size10.clo
File: size10.clo 2007/10/19 v1.4h Standard LaTeX file (size option)
)
\c@part=\count79
\c@section=\count80
\c@subsection=\count81
\c@subsubsection=\count82
\c@paragraph=\count83
\c@subparagraph=\count84
\c@figure=\count85
\c@table=\count86
\abovecaptionskip=\skip41
\belowcaptionskip=\skip42
\bibindent=\dimen102
)
(/usr/share/texlive/texmf-dist/tex/latex/graphics/graphicx.sty
Package: graphicx 1999/02/16 v1.0f Enhanced LaTeX Graphics (DPC,SPQR)

(/usr/share/texlive/texmf-dist/tex/latex/graphics/keyval.sty
Package: keyval 1999/03/16 v1.13 key=value parser (DPC)
\KV@toks@=\toks14
)
(/usr/share/texlive/texmf-dist/tex/latex/graphics/graphics.sty
Package: graphics 2009/02/05 v1.0o Standard LaTeX Graphics (DPC,SPQR)

(/usr/share/texlive/texmf-dist/tex/latex/graphics/trig.sty
Package: trig 1999/03/16 v1.09 sin cos tan (DPC)
)
(/usr/share/texlive/texmf-dist/tex/latex/latexconfig/graphics.cfg
File: graphics.cfg 2010/04/23 v1.9 graphics configuration of TeX Live
)
Package graphics Info: Driver file: pdftex.def on input line 91.

(/usr/share/texlive/texmf-dist/tex/latex/pdftex-def/pdftex.def
File: pdftex.def 2011/05/27 v0.06d Graphics/color for pdfTeX

(/usr/share/texlive/texmf-dist/tex/generic/oberdiek/infwarerr.sty
Package: infwarerr 2010/04/08 v1.3 Providing info/warning/error messages (HO)
)
(/usr/share/texlive/texmf-dist/tex/generic/oberdiek/ltxcmds.sty
Package: ltxcmds 2011/11/09 v1.22 LaTeX kernel commands for general use (HO)
)
\Gread@gobject=\count87
))
\Gin@req@height=\dimen103
\Gin@req@width=\dimen104
)
(/usr/share/texlive/texmf-dist/tex/latex/graphics/color.sty
Package: color 2005/11/14 v1.0j Standard LaTeX Color (DPC)

(/usr/share/texlive/texmf-dist/tex/latex/latexconfig/color.cfg
File: color.cfg 2007/01/18 v1.5 color configuration of teTeX/TeXLive
)
Package color Info: Driver file: pdftex.def on input line 130.
)
No file circles2.aux.
\openout1 = `circles2.aux'.

LaTeX Font Info:    Checking defaults for OML/cmm/m/it on input line 13.
LaTeX Font Info:    ... okay on input line 13.
LaTeX Font Info:    Checking defaults for T1/cmr/m/n on input line 13.
LaTeX Font Info:    ... okay on input line 13.
LaTeX Font Info:    Checking defaults for OT1/cmr/m/n on input line 13.
LaTeX Font Info:    ... okay on input line 13.
LaTeX Font Info:    Checking defaults for OMS/cmsy/m/n on input line 13.
LaTeX Font Info:    ... okay on input line 13.
LaTeX Font Info:    Checking defaults for OMX/cmex/m/n on input line 13.
LaTeX Font Info:    ... okay on input line 13.
LaTeX Font Info:    Checking defaults for U/cmr/m/n on input line 13.
LaTeX Font Info:    ... okay on input line 13.
(/usr/share/texlive/texmf-dist/tex/context/base/supp-pdf.mkii
[Loading MPS to PDF converter (version 2006.09.02).]
\scratchcounter=\count88
\scratchdimen=\dimen105
\scratchbox=\box26
\nofMPsegments=\count89
\nofMParguments=\count90
\everyMPshowfont=\toks15
\MPscratchCnt=\count91
\MPscratchDim=\dimen106
\MPnumerator=\count92
\makeMPintoPDFobject=\count93
\everyMPtoPDFconversion=\toks16
) (/usr/share/texlive/texmf-dist/tex/generic/oberdiek/pdftexcmds.sty
Package: pdftexcmds 2011/11/29 v0.20 Utility functions of pdfTeX for LuaTeX (HO
)

(/usr/share/texlive/texmf-dist/tex/generic/oberdiek/ifluatex.sty
Package: ifluatex 2010/03/01 v1.3 Provides the ifluatex switch (HO)
Package ifluatex Info: LuaTeX not detected.
)
(/usr/share/texlive/texmf-dist/tex/generic/oberdiek/ifpdf.sty
Package: ifpdf 2011/01/30 v2.3 Provides the ifpdf switch (HO)
Package ifpdf Info: pdfTeX in PDF mode is detected.
)
Package pdftexcmds Info: LuaTeX not detected.
Package pdftexcmds Info: \pdf@primitive is available.
Package pdftexcmds Info: \pdf@ifprimitive is available.
Package pdftexcmds Info: \pdfdraftmode found.
)
(/usr/share/texlive/texmf-dist/tex/latex/oberdiek/epstopdf-base.sty
Package: epstopdf-base 2010/02/09 v2.5 Base part for package epstopdf

(/usr/share/texlive/texmf-dist/tex/latex/oberdiek/grfext.sty
Package: grfext 2010/08/19 v1.1 Manage graphics extensions (HO)

(/usr/share/texlive/texmf-dist/tex/generic/oberdiek/kvdefinekeys.sty
Package: kvdefinekeys 2011/04/07 v1.3 Define keys (HO)
))
(/usr/share/texlive/texmf-dist/tex/latex/oberdiek/kvoptions.sty
Package: kvoptions 2011/06/30 v3.11 Key value format for package options (HO)

(/usr/share/texlive/texmf-dist/tex/generic/oberdiek/kvsetkeys.sty
Package: kvsetkeys 2012/04/25 v1.16 Key value parser (HO)

(/usr/share/texlive/texmf-dist/tex/generic/oberdiek/etexcmds.sty
Package: etexcmds 2011/02/16 v1.5 Avoid name clashes with e-TeX commands (HO)
Package etexcmds Info: Could not find \expanded.
(etexcmds)             That can mean that you are not using pdfTeX 1.50 or
(etexcmds)             that some package has redefined \expanded.
(etexcmds)             In the latter case, load this package earlier.
)))
Package grfext Info: Graphics extension search list:
(grfext)             [.png,.pdf,.jpg,.mps,.jpeg,.jbig2,.jb2,.PNG,.PDF,.JPG,.JPE
G,.JBIG2,.JB2,.eps]
(grfext)             \AppendGraphicsExtensions on input line 452.

(/usr/share/texlive/texmf-dist/tex/latex/latexconfig/epstopdf-sys.cfg
File: epstopdf-sys.cfg 2010/07/13 v1.3 Configuration of (r)epstopdf for TeX Liv
e
))
Overfull \hbox (22.4968pt too wide) in paragraph at lines 77--77
[]    \OT1/cmtt/m/n/10 disp([num2str(countSz(i)) ' ccs has area ' num2str(catSi
ze(i)) ]);[] 
 []

[1

{/var/lib/texmf/fonts/map/pdftex/updmap/pdftex.map}]
Overfull \hbox (6.74693pt too wide) in paragraph at lines 77--77
[]    \OT1/cmtt/m/n/10 disp(['cc ' num2str(i) ' belongs to ' num2str(aPix(indic
es))]);[] 
 []


Overfull \hbox (6401.19118pt too wide) in paragraph at lines 102--102
[]\OT1/cmtt/m/n/10 cc 1 belongs to 2   3   3   3   3   3   3   3   3   3   3   
3   3   3   3   3   3   3   3   3   3   3   3   3   3   3   3   3   3   3   3  
 4   4   4   4   4   4   4   4   4   4   4   4   4   4   4   4   4   4   4   4 
  4   4   4   4   4   4   4   4   4   4   4   4   4   4   4   4   4   4   4   4
   4   4   4   4   4   4   4   4   4   4   4   4   5   5   5   5   5   5   5   
5   5   5   5   5   5   5   5   5   5   5   5   5   5   5   5   5   5   5   5  
 5   5   5   5   5   5   5   5   5   5   5   5   5   5   6   6   6   6   6   6 
  6   6   6   6   6   6   6   6   6   6   6   6   6   6   6   6   6   6   6   6
   6   6   6   6   7   7   7   7   7   7   7   7   7   7   7   7   7   7   7   
7   7   7   7   7   7   7   7   7   7   7   7   7   7   7   7   7   7   7   8  
 8   8   8   8   8   8   8   8   8   8   8   8   8   8   8   8   8   8   8   8 
  8   8   8   8   8   8   8   8   8   8   8   8   8   8   8   8   8   8   8   9
   9   9   9   9   9   9   9   9   9   9   9   9   9   9   9   9   9   9   9   
9  10  10  10  10  10  10  10  10  10  10  10  10  10  10  10  10  10  10  10  
10  10  10  10  10  10  10  10  10  10  10  10  10  10  10  10  10  10  10  10 
 10  10  10  10  10  10  10  10  10  11  11  11  11  11  11  11  11  11  11  11
  11  11  11  11  11  11  11  11  11  11[] 
 []

Package epstopdf Info: Source file: <circles2_01.eps>
(epstopdf)                    date: 2015-09-23 15:26:06
(epstopdf)                    size: 260778 bytes
(epstopdf)             Output file: <circles2_01-eps-converted-to.pdf>
(epstopdf)             Command: <repstopdf --outfile=circles2_01-eps-converted-
to.pdf circles2_01.eps>
(epstopdf)             \includegraphics on input line 104.
runsystem(repstopdf --outfile=circles2_01-eps-converted-to.pdf circles2_01.eps)
...executed safely (allowed).

Package epstopdf Info: Result file: <circles2_01-eps-converted-to.pdf>
(epstopdf)                    date: 2015-09-23 15:26:56
(epstopdf)                    size: 157223 bytes.
<circles2_01-eps-converted-to.pdf, id=8, 455.7025pt x 293.095pt>
File: circles2_01-eps-converted-to.pdf Graphic file (type pdf)

<use circles2_01-eps-converted-to.pdf>
Package pdftex.def Info: circles2_01-eps-converted-to.pdf used on input line 10
4.
(pdftex.def)             Requested size: 289.07999pt x 185.92989pt.
Package epstopdf Info: Source file: <circles2_02.eps>
(epstopdf)                    date: 2015-09-23 15:26:06
(epstopdf)                    size: 31319 bytes
(epstopdf)             Output file: <circles2_02-eps-converted-to.pdf>
(epstopdf)             Command: <repstopdf --outfile=circles2_02-eps-converted-
to.pdf circles2_02.eps>
(epstopdf)             \includegraphics on input line 106.
runsystem(repstopdf --outfile=circles2_02-eps-converted-to.pdf circles2_02.eps)
...executed safely (allowed).

Package epstopdf Info: Result file: <circles2_02-eps-converted-to.pdf>
(epstopdf)                    date: 2015-09-23 15:26:56
(epstopdf)                    size: 14555 bytes.

<circles2_02-eps-converted-to.pdf, id=9, 455.7025pt x 293.095pt> [2]
File: circles2_02-eps-converted-to.pdf Graphic file (type pdf)

<use circles2_02-eps-converted-to.pdf>
Package pdftex.def Info: circles2_02-eps-converted-to.pdf used on input line 10
6.
(pdftex.def)             Requested size: 289.07999pt x 185.92989pt.
Package epstopdf Info: Source file: <circles2_03.eps>
(epstopdf)                    date: 2015-09-23 15:26:06
(epstopdf)                    size: 12968 bytes
(epstopdf)             Output file: <circles2_03-eps-converted-to.pdf>
(epstopdf)             Command: <repstopdf --outfile=circles2_03-eps-converted-
to.pdf circles2_03.eps>
(epstopdf)             \includegraphics on input line 108.
runsystem(repstopdf --outfile=circles2_03-eps-converted-to.pdf circles2_03.eps)
...executed safely (allowed).

Package epstopdf Info: Result file: <circles2_03-eps-converted-to.pdf>
(epstopdf)                    date: 2015-09-23 15:26:57
(epstopdf)                    size: 5716 bytes.

<circles2_03-eps-converted-to.pdf, id=13, 455.7025pt x 293.095pt>
File: circles2_03-eps-converted-to.pdf Graphic file (type pdf)

<use circles2_03-eps-converted-to.pdf>
Package pdftex.def Info: circles2_03-eps-converted-to.pdf used on input line 10
8.
(pdftex.def)             Requested size: 289.07999pt x 185.92989pt.
Package epstopdf Info: Source file: <circles2_04.eps>
(epstopdf)                    date: 2015-09-23 15:26:06
(epstopdf)                    size: 13781 bytes
(epstopdf)             Output file: <circles2_04-eps-converted-to.pdf>
(epstopdf)             Command: <repstopdf --outfile=circles2_04-eps-converted-
to.pdf circles2_04.eps>
(epstopdf)             \includegraphics on input line 110.
runsystem(repstopdf --outfile=circles2_04-eps-converted-to.pdf circles2_04.eps)
...executed safely (allowed).

Package epstopdf Info: Result file: <circles2_04-eps-converted-to.pdf>
(epstopdf)                    date: 2015-09-23 15:26:57
(epstopdf)                    size: 6241 bytes.

<circles2_04-eps-converted-to.pdf, id=14, 455.7025pt x 293.095pt> [3 <./circles
2_01-eps-converted-to.pdf> <./circles2_02-eps-converted-to.pdf>]
File: circles2_04-eps-converted-to.pdf Graphic file (type pdf)

<use circles2_04-eps-converted-to.pdf>
Package pdftex.def Info: circles2_04-eps-converted-to.pdf used on input line 11
0.
(pdftex.def)             Requested size: 289.07999pt x 185.92989pt.
Package epstopdf Info: Source file: <circles2_05.eps>
(epstopdf)                    date: 2015-09-23 15:26:06
(epstopdf)                    size: 14571 bytes
(epstopdf)             Output file: <circles2_05-eps-converted-to.pdf>
(epstopdf)             Command: <repstopdf --outfile=circles2_05-eps-converted-
to.pdf circles2_05.eps>
(epstopdf)             \includegraphics on input line 112.
runsystem(repstopdf --outfile=circles2_05-eps-converted-to.pdf circles2_05.eps)
...executed safely (allowed).

Package epstopdf Info: Result file: <circles2_05-eps-converted-to.pdf>
(epstopdf)                    date: 2015-09-23 15:26:57
(epstopdf)                    size: 6831 bytes.

<circles2_05-eps-converted-to.pdf, id=26, 455.7025pt x 293.095pt>
File: circles2_05-eps-converted-to.pdf Graphic file (type pdf)

<use circles2_05-eps-converted-to.pdf>
Package pdftex.def Info: circles2_05-eps-converted-to.pdf used on input line 11
2.
(pdftex.def)             Requested size: 289.07999pt x 185.92989pt.
Package epstopdf Info: Source file: <circles2_06.eps>
(epstopdf)                    date: 2015-09-23 15:26:06
(epstopdf)                    size: 14619 bytes
(epstopdf)             Output file: <circles2_06-eps-converted-to.pdf>
(epstopdf)             Command: <repstopdf --outfile=circles2_06-eps-converted-
to.pdf circles2_06.eps>
(epstopdf)             \includegraphics on input line 114.
runsystem(repstopdf --outfile=circles2_06-eps-converted-to.pdf circles2_06.eps)
...executed safely (allowed).

Package epstopdf Info: Result file: <circles2_06-eps-converted-to.pdf>
(epstopdf)                    date: 2015-09-23 15:26:58
(epstopdf)                    size: 6785 bytes.

<circles2_06-eps-converted-to.pdf, id=27, 455.7025pt x 293.095pt> [4 <./circles
2_03-eps-converted-to.pdf> <./circles2_04-eps-converted-to.pdf>]
File: circles2_06-eps-converted-to.pdf Graphic file (type pdf)

<use circles2_06-eps-converted-to.pdf>
Package pdftex.def Info: circles2_06-eps-converted-to.pdf used on input line 11
4.
(pdftex.def)             Requested size: 289.07999pt x 185.92989pt.
Package epstopdf Info: Source file: <circles2_07.eps>
(epstopdf)                    date: 2015-09-23 15:26:07
(epstopdf)                    size: 14289 bytes
(epstopdf)             Output file: <circles2_07-eps-converted-to.pdf>
(epstopdf)             Command: <repstopdf --outfile=circles2_07-eps-converted-
to.pdf circles2_07.eps>
(epstopdf)             \includegraphics on input line 116.
runsystem(repstopdf --outfile=circles2_07-eps-converted-to.pdf circles2_07.eps)
...executed safely (allowed).

Package epstopdf Info: Result file: <circles2_07-eps-converted-to.pdf>
(epstopdf)                    date: 2015-09-23 15:26:58
(epstopdf)                    size: 6673 bytes.

<circles2_07-eps-converted-to.pdf, id=39, 455.7025pt x 293.095pt>
File: circles2_07-eps-converted-to.pdf Graphic file (type pdf)

<use circles2_07-eps-converted-to.pdf>
Package pdftex.def Info: circles2_07-eps-converted-to.pdf used on input line 11
6.
(pdftex.def)             Requested size: 289.07999pt x 185.92989pt.
Package epstopdf Info: Source file: <circles2_08.eps>
(epstopdf)                    date: 2015-09-23 15:26:07
(epstopdf)                    size: 14759 bytes
(epstopdf)             Output file: <circles2_08-eps-converted-to.pdf>
(epstopdf)             Command: <repstopdf --outfile=circles2_08-eps-converted-
to.pdf circles2_08.eps>
(epstopdf)             \includegraphics on input line 118.
runsystem(repstopdf --outfile=circles2_08-eps-converted-to.pdf circles2_08.eps)
...executed safely (allowed).

Package epstopdf Info: Result file: <circles2_08-eps-converted-to.pdf>
(epstopdf)                    date: 2015-09-23 15:26:58
(epstopdf)                    size: 7007 bytes.

<circles2_08-eps-converted-to.pdf, id=40, 455.7025pt x 293.095pt> [5 <./circles
2_05-eps-converted-to.pdf> <./circles2_06-eps-converted-to.pdf>]
File: circles2_08-eps-converted-to.pdf Graphic file (type pdf)

<use circles2_08-eps-converted-to.pdf>
Package pdftex.def Info: circles2_08-eps-converted-to.pdf used on input line 11
8.
(pdftex.def)             Requested size: 289.07999pt x 185.92989pt.
Package epstopdf Info: Source file: <circles2_09.eps>
(epstopdf)                    date: 2015-09-23 15:26:07
(epstopdf)                    size: 15455 bytes
(epstopdf)             Output file: <circles2_09-eps-converted-to.pdf>
(epstopdf)             Command: <repstopdf --outfile=circles2_09-eps-converted-
to.pdf circles2_09.eps>
(epstopdf)             \includegraphics on input line 120.
runsystem(repstopdf --outfile=circles2_09-eps-converted-to.pdf circles2_09.eps)
...executed safely (allowed).

Package epstopdf Info: Result file: <circles2_09-eps-converted-to.pdf>
(epstopdf)                    date: 2015-09-23 15:26:59
(epstopdf)                    size: 7495 bytes.

<circles2_09-eps-converted-to.pdf, id=52, 455.7025pt x 293.095pt>
File: circles2_09-eps-converted-to.pdf Graphic file (type pdf)

<use circles2_09-eps-converted-to.pdf>
Package pdftex.def Info: circles2_09-eps-converted-to.pdf used on input line 12
0.
(pdftex.def)             Requested size: 289.07999pt x 185.92989pt.
Package epstopdf Info: Source file: <circles2_10.eps>
(epstopdf)                    date: 2015-09-23 15:26:07
(epstopdf)                    size: 14268 bytes
(epstopdf)             Output file: <circles2_10-eps-converted-to.pdf>
(epstopdf)             Command: <repstopdf --outfile=circles2_10-eps-converted-
to.pdf circles2_10.eps>
(epstopdf)             \includegraphics on input line 122.
runsystem(repstopdf --outfile=circles2_10-eps-converted-to.pdf circles2_10.eps)
...executed safely (allowed).

Package epstopdf Info: Result file: <circles2_10-eps-converted-to.pdf>
(epstopdf)                    date: 2015-09-23 15:26:59
(epstopdf)                    size: 6776 bytes.

<circles2_10-eps-converted-to.pdf, id=53, 455.7025pt x 293.095pt> [6 <./circles
2_07-eps-converted-to.pdf> <./circles2_08-eps-converted-to.pdf>]
File: circles2_10-eps-converted-to.pdf Graphic file (type pdf)

<use circles2_10-eps-converted-to.pdf>
Package pdftex.def Info: circles2_10-eps-converted-to.pdf used on input line 12
2.
(pdftex.def)             Requested size: 289.07999pt x 185.92989pt.
Package epstopdf Info: Source file: <circles2_11.eps>
(epstopdf)                    date: 2015-09-23 15:26:07
(epstopdf)                    size: 16493 bytes
(epstopdf)             Output file: <circles2_11-eps-converted-to.pdf>
(epstopdf)             Command: <repstopdf --outfile=circles2_11-eps-converted-
to.pdf circles2_11.eps>
(epstopdf)             \includegraphics on input line 124.
runsystem(repstopdf --outfile=circles2_11-eps-converted-to.pdf circles2_11.eps)
...executed safely (allowed).

Package epstopdf Info: Result file: <circles2_11-eps-converted-to.pdf>
(epstopdf)                    date: 2015-09-23 15:26:59
(epstopdf)                    size: 8266 bytes.

<circles2_11-eps-converted-to.pdf, id=65, 455.7025pt x 293.095pt>
File: circles2_11-eps-converted-to.pdf Graphic file (type pdf)

<use circles2_11-eps-converted-to.pdf>
Package pdftex.def Info: circles2_11-eps-converted-to.pdf used on input line 12
4.
(pdftex.def)             Requested size: 289.07999pt x 185.92989pt.
Package epstopdf Info: Source file: <circles2_12.eps>
(epstopdf)                    date: 2015-09-23 15:26:07
(epstopdf)                    size: 14563 bytes
(epstopdf)             Output file: <circles2_12-eps-converted-to.pdf>
(epstopdf)             Command: <repstopdf --outfile=circles2_12-eps-converted-
to.pdf circles2_12.eps>
(epstopdf)             \includegraphics on input line 126.
runsystem(repstopdf --outfile=circles2_12-eps-converted-to.pdf circles2_12.eps)
...executed safely (allowed).

Package epstopdf Info: Result file: <circles2_12-eps-converted-to.pdf>
(epstopdf)                    date: 2015-09-23 15:27:00
(epstopdf)                    size: 6936 bytes.

<circles2_12-eps-converted-to.pdf, id=66, 455.7025pt x 293.095pt> [7 <./circles
2_09-eps-converted-to.pdf> <./circles2_10-eps-converted-to.pdf>]
File: circles2_12-eps-converted-to.pdf Graphic file (type pdf)

<use circles2_12-eps-converted-to.pdf>
Package pdftex.def Info: circles2_12-eps-converted-to.pdf used on input line 12
6.
(pdftex.def)             Requested size: 289.07999pt x 185.92989pt.
 [8 <./circles2_11-eps-converted-to.pdf> <./circles2_12-eps-converted-to.pdf>] 
(./circles2.aux) ) 
Here is how much of TeX's memory you used:
 1562 strings out of 493304
 23496 string characters out of 6139872
 88301 words of memory out of 5000000
 5026 multiletter control sequences out of 15000+600000
 3808 words of font info for 15 fonts, out of 8000000 for 9000
 957 hyphenation exceptions out of 8191
 38i,6n,23p,1300b,240s stack positions out of 5000i,500n,10000p,200000b,80000s
</usr/share/texlive/texmf-dist/fonts/type1/public/amsfonts/cm
/cmr10.pfb></usr/share/texlive/texmf-dist/fonts/type1/public/amsfonts/cm/cmtt10
.pfb>
Output written on circles2.pdf (8 pages, 214710 bytes).
PDF statistics:
 99 PDF objects out of 1000 (max. 8388607)
 62 compressed objects within 1 object stream
 0 named destinations out of 1000 (max. 500000)
 61 words of extra memory for PDF output out of 10000 (max. 10000000)

